
Attaching package: ‘dplyr’

The following objects are masked from ‘package:stats’:

    filter, lag

The following objects are masked from ‘package:base’:

    intersect, setdiff, setequal, union

Loading required package: Rcpp
This version of Shiny is designed to work with 'htmlwidgets' >= 1.5.
    Please upgrade via install.packages('htmlwidgets').
Loading 'brms' package (version 2.12.0). Useful instructions
can be found by typing help('brms'). A more detailed introduction
to the package is available through vignette('brms_overview').

Attaching package: ‘brms’

The following object is masked from ‘package:stats’:

    ar

Running on SLURM system
Parsed with column specification:
cols(
  .default = col_double(),
  SubjectID = col_character()
)
See spec(...) for full column specifications.
Parsed with column specification:
cols(
  .default = col_double(),
  idnum = col_integer(),
  TIMECENTER = col_integer(),
  time = col_integer(),
  PHQ9_TOT_with_errors = col_integer(),
  GAD7_TOT_with_errors = col_integer(),
  LSA_ANX_with_errors = col_integer(),
  PANASNEG = col_integer(),
  PANASPOS = col_integer(),
  PANASNEG_lead = col_integer(),
  PANASPOS_lead = col_integer(),
  ID = col_integer(),
  TIME = col_integer(),
  EPISODICNUM = col_integer(),
  IP_EPISODICNUM = col_integer()
)
See spec(...) for full column specifications.
Fitting model...
Setting 'rescor' to TRUE by default for this model
Compiling the C++ model
Start sampling

SAMPLING FOR MODEL '8bbf36b34a7a8c887bc4fdc398d06ccc' NOW (CHAIN 1).

SAMPLING FOR MODEL '8bbf36b34a7a8c887bc4fdc398d06ccc' NOW (CHAIN 2).

SAMPLING FOR MODEL '8bbf36b34a7a8c887bc4fdc398d06ccc' NOW (CHAIN 4).
Chain 1: 
Chain 1: Gradient evaluation took 0 seconds
Chain 1: 1000 transitions using 10 leapfrog steps per transition would take 0 seconds.
Chain 1: Adjust your expectations accordingly!
Chain 1: 
Chain 1: 

SAMPLING FOR MODEL '8bbf36b34a7a8c887bc4fdc398d06ccc' NOW (CHAIN 3).
Chain 2: 
Chain 2: Gradient evaluation took 0.01 seconds
Chain 2: 1000 transitions using 10 leapfrog steps per transition would take 100 seconds.
Chain 2: Adjust your expectations accordingly!
Chain 2: 
Chain 2: 
Chain 4: 
Chain 4: Gradient evaluation took 0 seconds
Chain 4: 1000 transitions using 10 leapfrog steps per transition would take 0 seconds.
Chain 4: Adjust your expectations accordingly!
Chain 4: 
Chain 4: 
Chain 1: Iteration:    1 / 7500 [  0%]  (Warmup)
Chain 3: 
Chain 3: Gradient evaluation took 0 seconds
Chain 3: 1000 transitions using 10 leapfrog steps per transition would take 0 seconds.
Chain 3: Adjust your expectations accordingly!
Chain 3: 
Chain 3: 
Chain 2: Iteration:    1 / 7500 [  0%]  (Warmup)
Chain 4: Iteration:    1 / 7500 [  0%]  (Warmup)
Chain 3: Iteration:    1 / 7500 [  0%]  (Warmup)
Chain 2: Iteration:  750 / 7500 [ 10%]  (Warmup)
Chain 4: Iteration:  750 / 7500 [ 10%]  (Warmup)
Chain 1: Iteration:  750 / 7500 [ 10%]  (Warmup)
Chain 3: Iteration:  750 / 7500 [ 10%]  (Warmup)
Chain 2: Iteration: 1500 / 7500 [ 20%]  (Warmup)
Chain 4: Iteration: 1500 / 7500 [ 20%]  (Warmup)
Chain 3: Iteration: 1500 / 7500 [ 20%]  (Warmup)
Chain 1: Iteration: 1500 / 7500 [ 20%]  (Warmup)
Chain 2: Iteration: 2250 / 7500 [ 30%]  (Warmup)
Chain 4: Iteration: 2250 / 7500 [ 30%]  (Warmup)
Chain 2: Iteration: 2501 / 7500 [ 33%]  (Sampling)
Chain 3: Iteration: 2250 / 7500 [ 30%]  (Warmup)
Chain 1: Iteration: 2250 / 7500 [ 30%]  (Warmup)
Chain 4: Iteration: 2501 / 7500 [ 33%]  (Sampling)
Chain 3: Iteration: 2501 / 7500 [ 33%]  (Sampling)
Chain 1: Iteration: 2501 / 7500 [ 33%]  (Sampling)
Chain 2: Iteration: 3250 / 7500 [ 43%]  (Sampling)
Chain 4: Iteration: 3250 / 7500 [ 43%]  (Sampling)
Chain 2: Iteration: 4000 / 7500 [ 53%]  (Sampling)
Chain 4: Iteration: 4000 / 7500 [ 53%]  (Sampling)
Chain 3: Iteration: 3250 / 7500 [ 43%]  (Sampling)
Chain 1: Iteration: 3250 / 7500 [ 43%]  (Sampling)
Chain 2: Iteration: 4750 / 7500 [ 63%]  (Sampling)
Chain 4: Iteration: 4750 / 7500 [ 63%]  (Sampling)
Chain 2: Iteration: 5500 / 7500 [ 73%]  (Sampling)
Chain 4: Iteration: 5500 / 7500 [ 73%]  (Sampling)
Chain 3: Iteration: 4000 / 7500 [ 53%]  (Sampling)
Chain 1: Iteration: 4000 / 7500 [ 53%]  (Sampling)
Chain 2: Iteration: 6250 / 7500 [ 83%]  (Sampling)
Chain 4: Iteration: 6250 / 7500 [ 83%]  (Sampling)
Chain 2: Iteration: 7000 / 7500 [ 93%]  (Sampling)
Chain 4: Iteration: 7000 / 7500 [ 93%]  (Sampling)
Chain 2: Iteration: 7500 / 7500 [100%]  (Sampling)
Chain 2: 
Chain 2:  Elapsed Time: 212.88 seconds (Warm-up)
Chain 2:                226.79 seconds (Sampling)
Chain 2:                439.67 seconds (Total)
Chain 2: 
Chain 3: Iteration: 4750 / 7500 [ 63%]  (Sampling)
Chain 1: Iteration: 4750 / 7500 [ 63%]  (Sampling)
Chain 4: Iteration: 7500 / 7500 [100%]  (Sampling)
Chain 4: 
Chain 4:  Elapsed Time: 221.26 seconds (Warm-up)
Chain 4:                226.41 seconds (Sampling)
Chain 4:                447.67 seconds (Total)
Chain 4: 
Chain 3: Iteration: 5500 / 7500 [ 73%]  (Sampling)
Chain 1: Iteration: 5500 / 7500 [ 73%]  (Sampling)
Chain 3: Iteration: 6250 / 7500 [ 83%]  (Sampling)
Chain 1: Iteration: 6250 / 7500 [ 83%]  (Sampling)
Chain 3: Iteration: 7000 / 7500 [ 93%]  (Sampling)
Chain 1: Iteration: 7000 / 7500 [ 93%]  (Sampling)
Chain 3: Iteration: 7500 / 7500 [100%]  (Sampling)
Chain 3: 
Chain 3:  Elapsed Time: 238.36 seconds (Warm-up)
Chain 3:                450.68 seconds (Sampling)
Chain 3:                689.04 seconds (Total)
Chain 3: 
Chain 1: Iteration: 7500 / 7500 [100%]  (Sampling)
Chain 1: 
Chain 1:  Elapsed Time: 240.46 seconds (Warm-up)
Chain 1:                451.41 seconds (Sampling)
Chain 1:                691.87 seconds (Total)
Chain 1: 
Warning message:
Rows containing NAs were excluded from the model. 
R version 3.5.1 (2018-07-02)
Platform: x86_64-pc-linux-gnu (64-bit)
Running under: CentOS Linux 7 (Core)

Matrix products: default
BLAS: /usr/lib64/libblas.so.3.4.2
LAPACK: /usr/lib64/liblapack.so.3.4.2

locale:
 [1] LC_CTYPE=en_US.UTF-8       LC_NUMERIC=C              
 [3] LC_TIME=en_US.UTF-8        LC_COLLATE=en_US.UTF-8    
 [5] LC_MONETARY=en_US.UTF-8    LC_MESSAGES=en_US.UTF-8   
 [7] LC_PAPER=en_US.UTF-8       LC_NAME=C                 
 [9] LC_ADDRESS=C               LC_TELEPHONE=C            
[11] LC_MEASUREMENT=en_US.UTF-8 LC_IDENTIFICATION=C       

attached base packages:
[1] stats     graphics  grDevices utils     datasets  methods   base     

other attached packages:
[1] brms_2.12.0  Rcpp_1.0.4.6 tidyr_1.0.2  dplyr_0.8.4 

loaded via a namespace (and not attached):
 [1] Brobdingnag_1.2-6    gtools_3.8.1         StanHeaders_2.19.2  
 [4] threejs_0.3.3        shiny_1.4.0.2        assertthat_0.2.0    
 [7] stats4_3.5.1         pillar_1.4.3         backports_1.1.2     
[10] lattice_0.20-35      glue_1.3.0           digest_0.6.17       
[13] promises_1.1.0       colorspace_1.3-2     htmltools_0.4.0     
[16] httpuv_1.5.2         Matrix_1.2-14        plyr_1.8.4          
[19] dygraphs_1.1.1.6     pkgconfig_2.0.2      rstan_2.19.3        
[22] purrr_0.3.3          xtable_1.8-3         mvtnorm_1.0-8       
[25] scales_1.0.0         processx_3.4.2       later_1.0.0         
[28] tibble_2.1.3         bayesplot_1.7.1      ggplot2_3.2.1       
[31] ellipsis_0.3.0       DT_0.13              shinyjs_1.1         
[34] lazyeval_0.2.1       cli_1.0.1            magrittr_1.5        
[37] crayon_1.3.4         mime_0.6             ps_1.3.2            
[40] nlme_3.1-147         xts_0.11-1           pkgbuild_1.0.6      
[43] colourpicker_1.0     rsconnect_0.8.16     tools_3.5.1         
[46] loo_2.2.0            prettyunits_1.0.2    hms_0.4.2           
[49] lifecycle_0.1.0      matrixStats_0.54.0   stringr_1.3.1       
[52] munsell_0.5.0        callr_3.4.2          compiler_3.5.1      
[55] rlang_0.4.4          grid_3.5.1           ggridges_0.5.2      
[58] htmlwidgets_1.3      crosstalk_1.1.0.1    igraph_1.2.2        
[61] miniUI_0.1.1.1       base64enc_0.1-3      codetools_0.2-15    
[64] gtable_0.2.0         inline_0.3.15        abind_1.4-5         
[67] markdown_0.8         reshape2_1.4.3       R6_2.3.0            
[70] gridExtra_2.3        rstantools_2.0.0     zoo_1.8-4           
[73] bridgesampling_1.0-0 fastmap_1.0.1        shinystan_2.5.0     
[76] shinythemes_1.1.2    readr_1.1.1          stringi_1.2.4       
[79] parallel_3.5.1       vctrs_0.2.2          tidyselect_1.0.0    
[82] coda_0.19-2         
